<?xml version="1.0" encoding="UTF-8" standalone="no"?>
<testsuite failures="3" name="cucumber.runtime.formatter.JUnitFormatter" skipped="0" tests="4" time="38.380501">
<testcase classname="As a user of CtheSigns application, I want to see the true outcome of assessments displayed" name="To validate Recommendations" time="15.69394">
<failure message="org.openqa.selenium.NoSuchElementException: no such element: Unable to locate element: {&quot;method&quot;:&quot;xpath&quot;,&quot;selector&quot;:&quot;//body/div[@id='app']/div/div[@class='styledComponents__StyledWrapper-kvYoPE kDzZnd']/div[@class='styledComponents__BodyWrapper-bsyRiV bEyKcQ']/div[@class='ContentWrapper__ContentWrapper-ebmCKp container ieefin']/div[@class='styledComponents__PageWrapper-iZXYYR OQFix']/div[@class='component-wrapper']/div/div/div[@class='styledComponents__PageWrapper-eoWmmr PeIWm']/div[@class='row']/div[@class='col-xs-12 col-md-push-5 col-md-7']/div[@class='styledComponents__IconsWrapper-cyeros gYoWse']/div[@class='row']/div[1]/div[1]/a[1]/button[1]/div[1]&quot;}&#10;  (Session info: chrome=77.0.3865.90)&#10;For documentation on this error, please visit: https://www.seleniumhq.org/exceptions/no_such_element.html&#10;Build info: version: '3.141.59', revision: 'e82be7d358', time: '2018-11-14T08:17:03'&#10;System info: host: 'Alders-Mac', ip: '192.168.0.119', os.name: 'Mac OS X', os.arch: 'x86_64', os.version: '10.14.6', java.version: '1.8.0_201'&#10;Driver info: org.openqa.selenium.chrome.ChromeDriver&#10;Capabilities {acceptInsecureCerts: false, browserName: chrome, browserVersion: 77.0.3865.90, chrome: {chromedriverVersion: 77.0.3865.40 (f484704e052e0..., userDataDir: /var/folders/5s/tm7xpk_55s9...}, goog:chromeOptions: {debuggerAddress: localhost:55882}, javascriptEnabled: true, networkConnectionEnabled: false, pageLoadStrategy: normal, platform: MAC, platformName: MAC, proxy: Proxy(), setWindowRect: true, strictFileInteractability: false, timeouts: {implicit: 0, pageLoad: 300000, script: 30000}, unhandledPromptBehavior: dismiss and notify}&#10;Session ID: 854d8b917545bb98570df2f8a4bdb87f&#10;*** Element info: {Using=xpath, value=//body/div[@id='app']/div/div[@class='styledComponents__StyledWrapper-kvYoPE kDzZnd']/div[@class='styledComponents__BodyWrapper-bsyRiV bEyKcQ']/div[@class='ContentWrapper__ContentWrapper-ebmCKp container ieefin']/div[@class='styledComponents__PageWrapper-iZXYYR OQFix']/div[@class='component-wrapper']/div/div/div[@class='styledComponents__PageWrapper-eoWmmr PeIWm']/div[@class='row']/div[@class='col-xs-12 col-md-push-5 col-md-7']/div[@class='styledComponents__IconsWrapper-cyeros gYoWse']/div[@class='row']/div[1]/div[1]/a[1]/button[1]/div[1]}&#10;&#9;at sun.reflect.NativeConstructorAccessorImpl.newInstance0(Native Method)&#10;&#9;at sun.reflect.NativeConstructorAccessorImpl.newInstance(NativeConstructorAccessorImpl.java:62)&#10;&#9;at sun.reflect.DelegatingConstructorAccessorImpl.newInstance(DelegatingConstructorAccessorImpl.java:45)&#10;&#9;at java.lang.reflect.Constructor.newInstance(Constructor.java:423)&#10;&#9;at org.openqa.selenium.remote.http.W3CHttpResponseCodec.createException(W3CHttpResponseCodec.java:187)&#10;&#9;at org.openqa.selenium.remote.http.W3CHttpResponseCodec.decode(W3CHttpResponseCodec.java:122)&#10;&#9;at org.openqa.selenium.remote.http.W3CHttpResponseCodec.decode(W3CHttpResponseCodec.java:49)&#10;&#9;at org.openqa.selenium.remote.HttpCommandExecutor.execute(HttpCommandExecutor.java:158)&#10;&#9;at org.openqa.selenium.remote.service.DriverCommandExecutor.execute(DriverCommandExecutor.java:83)&#10;&#9;at org.openqa.selenium.remote.RemoteWebDriver.execute(RemoteWebDriver.java:552)&#10;&#9;at org.openqa.selenium.remote.RemoteWebDriver.findElement(RemoteWebDriver.java:323)&#10;&#9;at org.openqa.selenium.remote.RemoteWebDriver.findElementByXPath(RemoteWebDriver.java:428)&#10;&#9;at org.openqa.selenium.By$ByXPath.findElement(By.java:353)&#10;&#9;at org.openqa.selenium.remote.RemoteWebDriver.findElement(RemoteWebDriver.java:315)&#10;&#9;at org.openqa.selenium.support.pagefactory.DefaultElementLocator.findElement(DefaultElementLocator.java:69)&#10;&#9;at org.openqa.selenium.support.pagefactory.internal.LocatingElementHandler.invoke(LocatingElementHandler.java:38)&#10;&#9;at com.sun.proxy.$Proxy17.click(Unknown Source)&#10;&#9;at cTheSigns.ChestPage.clickSystem(ChestPage.java:77)&#10;&#9;at com.CtheSigns.Step_definition.ChestTest.i_select_System_button_on_the_Home_page(ChestTest.java:17)&#10;&#9;at ✽.Given I select System button on the Home page(features/chest.feature:4)&#10;"><![CDATA[Given I select System button on the Home page...............................failed
When I enter an adult age...................................................skipped
And I select a gender male..................................................skipped
And I select Suspected cancer on the chest x-ray............................skipped
When I click on Referral Pathway button.....................................skipped
Then the Results page should be displayed with Recommendations..............skipped

StackTrace:
org.openqa.selenium.NoSuchElementException: no such element: Unable to locate element: {"method":"xpath","selector":"//body/div[@id='app']/div/div[@class='styledComponents__StyledWrapper-kvYoPE kDzZnd']/div[@class='styledComponents__BodyWrapper-bsyRiV bEyKcQ']/div[@class='ContentWrapper__ContentWrapper-ebmCKp container ieefin']/div[@class='styledComponents__PageWrapper-iZXYYR OQFix']/div[@class='component-wrapper']/div/div/div[@class='styledComponents__PageWrapper-eoWmmr PeIWm']/div[@class='row']/div[@class='col-xs-12 col-md-push-5 col-md-7']/div[@class='styledComponents__IconsWrapper-cyeros gYoWse']/div[@class='row']/div[1]/div[1]/a[1]/button[1]/div[1]"}
  (Session info: chrome=77.0.3865.90)
For documentation on this error, please visit: https://www.seleniumhq.org/exceptions/no_such_element.html
Build info: version: '3.141.59', revision: 'e82be7d358', time: '2018-11-14T08:17:03'
System info: host: 'Alders-Mac', ip: '192.168.0.119', os.name: 'Mac OS X', os.arch: 'x86_64', os.version: '10.14.6', java.version: '1.8.0_201'
Driver info: org.openqa.selenium.chrome.ChromeDriver
Capabilities {acceptInsecureCerts: false, browserName: chrome, browserVersion: 77.0.3865.90, chrome: {chromedriverVersion: 77.0.3865.40 (f484704e052e0..., userDataDir: /var/folders/5s/tm7xpk_55s9...}, goog:chromeOptions: {debuggerAddress: localhost:55882}, javascriptEnabled: true, networkConnectionEnabled: false, pageLoadStrategy: normal, platform: MAC, platformName: MAC, proxy: Proxy(), setWindowRect: true, strictFileInteractability: false, timeouts: {implicit: 0, pageLoad: 300000, script: 30000}, unhandledPromptBehavior: dismiss and notify}
Session ID: 854d8b917545bb98570df2f8a4bdb87f
*** Element info: {Using=xpath, value=//body/div[@id='app']/div/div[@class='styledComponents__StyledWrapper-kvYoPE kDzZnd']/div[@class='styledComponents__BodyWrapper-bsyRiV bEyKcQ']/div[@class='ContentWrapper__ContentWrapper-ebmCKp container ieefin']/div[@class='styledComponents__PageWrapper-iZXYYR OQFix']/div[@class='component-wrapper']/div/div/div[@class='styledComponents__PageWrapper-eoWmmr PeIWm']/div[@class='row']/div[@class='col-xs-12 col-md-push-5 col-md-7']/div[@class='styledComponents__IconsWrapper-cyeros gYoWse']/div[@class='row']/div[1]/div[1]/a[1]/button[1]/div[1]}
	at sun.reflect.NativeConstructorAccessorImpl.newInstance0(Native Method)
	at sun.reflect.NativeConstructorAccessorImpl.newInstance(NativeConstructorAccessorImpl.java:62)
	at sun.reflect.DelegatingConstructorAccessorImpl.newInstance(DelegatingConstructorAccessorImpl.java:45)
	at java.lang.reflect.Constructor.newInstance(Constructor.java:423)
	at org.openqa.selenium.remote.http.W3CHttpResponseCodec.createException(W3CHttpResponseCodec.java:187)
	at org.openqa.selenium.remote.http.W3CHttpResponseCodec.decode(W3CHttpResponseCodec.java:122)
	at org.openqa.selenium.remote.http.W3CHttpResponseCodec.decode(W3CHttpResponseCodec.java:49)
	at org.openqa.selenium.remote.HttpCommandExecutor.execute(HttpCommandExecutor.java:158)
	at org.openqa.selenium.remote.service.DriverCommandExecutor.execute(DriverCommandExecutor.java:83)
	at org.openqa.selenium.remote.RemoteWebDriver.execute(RemoteWebDriver.java:552)
	at org.openqa.selenium.remote.RemoteWebDriver.findElement(RemoteWebDriver.java:323)
	at org.openqa.selenium.remote.RemoteWebDriver.findElementByXPath(RemoteWebDriver.java:428)
	at org.openqa.selenium.By$ByXPath.findElement(By.java:353)
	at org.openqa.selenium.remote.RemoteWebDriver.findElement(RemoteWebDriver.java:315)
	at org.openqa.selenium.support.pagefactory.DefaultElementLocator.findElement(DefaultElementLocator.java:69)
	at org.openqa.selenium.support.pagefactory.internal.LocatingElementHandler.invoke(LocatingElementHandler.java:38)
	at com.sun.proxy.$Proxy17.click(Unknown Source)
	at cTheSigns.ChestPage.clickSystem(ChestPage.java:77)
	at com.CtheSigns.Step_definition.ChestTest.i_select_System_button_on_the_Home_page(ChestTest.java:17)
	at ✽.Given I select System button on the Home page(features/chest.feature:4)
]]></failure>
</testcase>
<testcase classname="As a user of CtheSigns application, I want to see the true outcome of assessments displayed" name="To validate Considerations" time="12.405375">
<failure message="org.openqa.selenium.NoSuchElementException: no such element: Unable to locate element: {&quot;method&quot;:&quot;xpath&quot;,&quot;selector&quot;:&quot;//body/div[@id='app']/div/div[@class='styledComponents__StyledWrapper-kvYoPE kDzZnd']/div[@class='styledComponents__BodyWrapper-bsyRiV bEyKcQ']/div[@class='ContentWrapper__ContentWrapper-ebmCKp container ieefin']/div[@class='styledComponents__PageWrapper-iZXYYR OQFix']/div[@class='component-wrapper']/div/div/div[@class='styledComponents__PageWrapper-eoWmmr PeIWm']/div[@class='row']/div[@class='col-xs-12 col-md-push-5 col-md-7']/div[@class='styledComponents__IconsWrapper-cyeros gYoWse']/div[@class='row']/div[1]/div[1]/a[1]/button[1]/div[1]&quot;}&#10;  (Session info: chrome=77.0.3865.90)&#10;For documentation on this error, please visit: https://www.seleniumhq.org/exceptions/no_such_element.html&#10;Build info: version: '3.141.59', revision: 'e82be7d358', time: '2018-11-14T08:17:03'&#10;System info: host: 'Alders-Mac', ip: '192.168.0.119', os.name: 'Mac OS X', os.arch: 'x86_64', os.version: '10.14.6', java.version: '1.8.0_201'&#10;Driver info: org.openqa.selenium.chrome.ChromeDriver&#10;Capabilities {acceptInsecureCerts: false, browserName: chrome, browserVersion: 77.0.3865.90, chrome: {chromedriverVersion: 77.0.3865.40 (f484704e052e0..., userDataDir: /var/folders/5s/tm7xpk_55s9...}, goog:chromeOptions: {debuggerAddress: localhost:55926}, javascriptEnabled: true, networkConnectionEnabled: false, pageLoadStrategy: normal, platform: MAC, platformName: MAC, proxy: Proxy(), setWindowRect: true, strictFileInteractability: false, timeouts: {implicit: 0, pageLoad: 300000, script: 30000}, unhandledPromptBehavior: dismiss and notify}&#10;Session ID: 2f8772117d34eac65d07ef80a46fa479&#10;*** Element info: {Using=xpath, value=//body/div[@id='app']/div/div[@class='styledComponents__StyledWrapper-kvYoPE kDzZnd']/div[@class='styledComponents__BodyWrapper-bsyRiV bEyKcQ']/div[@class='ContentWrapper__ContentWrapper-ebmCKp container ieefin']/div[@class='styledComponents__PageWrapper-iZXYYR OQFix']/div[@class='component-wrapper']/div/div/div[@class='styledComponents__PageWrapper-eoWmmr PeIWm']/div[@class='row']/div[@class='col-xs-12 col-md-push-5 col-md-7']/div[@class='styledComponents__IconsWrapper-cyeros gYoWse']/div[@class='row']/div[1]/div[1]/a[1]/button[1]/div[1]}&#10;&#9;at sun.reflect.NativeConstructorAccessorImpl.newInstance0(Native Method)&#10;&#9;at sun.reflect.NativeConstructorAccessorImpl.newInstance(NativeConstructorAccessorImpl.java:62)&#10;&#9;at sun.reflect.DelegatingConstructorAccessorImpl.newInstance(DelegatingConstructorAccessorImpl.java:45)&#10;&#9;at java.lang.reflect.Constructor.newInstance(Constructor.java:423)&#10;&#9;at org.openqa.selenium.remote.http.W3CHttpResponseCodec.createException(W3CHttpResponseCodec.java:187)&#10;&#9;at org.openqa.selenium.remote.http.W3CHttpResponseCodec.decode(W3CHttpResponseCodec.java:122)&#10;&#9;at org.openqa.selenium.remote.http.W3CHttpResponseCodec.decode(W3CHttpResponseCodec.java:49)&#10;&#9;at org.openqa.selenium.remote.HttpCommandExecutor.execute(HttpCommandExecutor.java:158)&#10;&#9;at org.openqa.selenium.remote.service.DriverCommandExecutor.execute(DriverCommandExecutor.java:83)&#10;&#9;at org.openqa.selenium.remote.RemoteWebDriver.execute(RemoteWebDriver.java:552)&#10;&#9;at org.openqa.selenium.remote.RemoteWebDriver.findElement(RemoteWebDriver.java:323)&#10;&#9;at org.openqa.selenium.remote.RemoteWebDriver.findElementByXPath(RemoteWebDriver.java:428)&#10;&#9;at org.openqa.selenium.By$ByXPath.findElement(By.java:353)&#10;&#9;at org.openqa.selenium.remote.RemoteWebDriver.findElement(RemoteWebDriver.java:315)&#10;&#9;at org.openqa.selenium.support.pagefactory.DefaultElementLocator.findElement(DefaultElementLocator.java:69)&#10;&#9;at org.openqa.selenium.support.pagefactory.internal.LocatingElementHandler.invoke(LocatingElementHandler.java:38)&#10;&#9;at com.sun.proxy.$Proxy17.click(Unknown Source)&#10;&#9;at cTheSigns.ChestPage.clickSystem(ChestPage.java:77)&#10;&#9;at com.CtheSigns.Step_definition.ChestTest.i_select_System_button_on_the_Home_page(ChestTest.java:17)&#10;&#9;at ✽.Given I select System button on the Home page(features/chest.feature:14)&#10;"><![CDATA[Given I select System button on the Home page...............................failed
When I enter an adult age...................................................skipped
And I select the gender male................................................undefined
And i select Finger clubbing................................................undefined
When I click on the Referral Pathway button.................................undefined
Then the Results page should be displayed with Considerations...............undefined

StackTrace:
org.openqa.selenium.NoSuchElementException: no such element: Unable to locate element: {"method":"xpath","selector":"//body/div[@id='app']/div/div[@class='styledComponents__StyledWrapper-kvYoPE kDzZnd']/div[@class='styledComponents__BodyWrapper-bsyRiV bEyKcQ']/div[@class='ContentWrapper__ContentWrapper-ebmCKp container ieefin']/div[@class='styledComponents__PageWrapper-iZXYYR OQFix']/div[@class='component-wrapper']/div/div/div[@class='styledComponents__PageWrapper-eoWmmr PeIWm']/div[@class='row']/div[@class='col-xs-12 col-md-push-5 col-md-7']/div[@class='styledComponents__IconsWrapper-cyeros gYoWse']/div[@class='row']/div[1]/div[1]/a[1]/button[1]/div[1]"}
  (Session info: chrome=77.0.3865.90)
For documentation on this error, please visit: https://www.seleniumhq.org/exceptions/no_such_element.html
Build info: version: '3.141.59', revision: 'e82be7d358', time: '2018-11-14T08:17:03'
System info: host: 'Alders-Mac', ip: '192.168.0.119', os.name: 'Mac OS X', os.arch: 'x86_64', os.version: '10.14.6', java.version: '1.8.0_201'
Driver info: org.openqa.selenium.chrome.ChromeDriver
Capabilities {acceptInsecureCerts: false, browserName: chrome, browserVersion: 77.0.3865.90, chrome: {chromedriverVersion: 77.0.3865.40 (f484704e052e0..., userDataDir: /var/folders/5s/tm7xpk_55s9...}, goog:chromeOptions: {debuggerAddress: localhost:55926}, javascriptEnabled: true, networkConnectionEnabled: false, pageLoadStrategy: normal, platform: MAC, platformName: MAC, proxy: Proxy(), setWindowRect: true, strictFileInteractability: false, timeouts: {implicit: 0, pageLoad: 300000, script: 30000}, unhandledPromptBehavior: dismiss and notify}
Session ID: 2f8772117d34eac65d07ef80a46fa479
*** Element info: {Using=xpath, value=//body/div[@id='app']/div/div[@class='styledComponents__StyledWrapper-kvYoPE kDzZnd']/div[@class='styledComponents__BodyWrapper-bsyRiV bEyKcQ']/div[@class='ContentWrapper__ContentWrapper-ebmCKp container ieefin']/div[@class='styledComponents__PageWrapper-iZXYYR OQFix']/div[@class='component-wrapper']/div/div/div[@class='styledComponents__PageWrapper-eoWmmr PeIWm']/div[@class='row']/div[@class='col-xs-12 col-md-push-5 col-md-7']/div[@class='styledComponents__IconsWrapper-cyeros gYoWse']/div[@class='row']/div[1]/div[1]/a[1]/button[1]/div[1]}
	at sun.reflect.NativeConstructorAccessorImpl.newInstance0(Native Method)
	at sun.reflect.NativeConstructorAccessorImpl.newInstance(NativeConstructorAccessorImpl.java:62)
	at sun.reflect.DelegatingConstructorAccessorImpl.newInstance(DelegatingConstructorAccessorImpl.java:45)
	at java.lang.reflect.Constructor.newInstance(Constructor.java:423)
	at org.openqa.selenium.remote.http.W3CHttpResponseCodec.createException(W3CHttpResponseCodec.java:187)
	at org.openqa.selenium.remote.http.W3CHttpResponseCodec.decode(W3CHttpResponseCodec.java:122)
	at org.openqa.selenium.remote.http.W3CHttpResponseCodec.decode(W3CHttpResponseCodec.java:49)
	at org.openqa.selenium.remote.HttpCommandExecutor.execute(HttpCommandExecutor.java:158)
	at org.openqa.selenium.remote.service.DriverCommandExecutor.execute(DriverCommandExecutor.java:83)
	at org.openqa.selenium.remote.RemoteWebDriver.execute(RemoteWebDriver.java:552)
	at org.openqa.selenium.remote.RemoteWebDriver.findElement(RemoteWebDriver.java:323)
	at org.openqa.selenium.remote.RemoteWebDriver.findElementByXPath(RemoteWebDriver.java:428)
	at org.openqa.selenium.By$ByXPath.findElement(By.java:353)
	at org.openqa.selenium.remote.RemoteWebDriver.findElement(RemoteWebDriver.java:315)
	at org.openqa.selenium.support.pagefactory.DefaultElementLocator.findElement(DefaultElementLocator.java:69)
	at org.openqa.selenium.support.pagefactory.internal.LocatingElementHandler.invoke(LocatingElementHandler.java:38)
	at com.sun.proxy.$Proxy17.click(Unknown Source)
	at cTheSigns.ChestPage.clickSystem(ChestPage.java:77)
	at com.CtheSigns.Step_definition.ChestTest.i_select_System_button_on_the_Home_page(ChestTest.java:17)
	at ✽.Given I select System button on the Home page(features/chest.feature:14)
]]></failure>
</testcase>
<testcase classname="As a user of CtheSigns application, I want to see the true outcome of assessments displayed" name="To validate patient does not meet the criteria" time="6.290025">
<failure message="org.openqa.selenium.NoSuchElementException: Cannot locate an element using xpath=//body/div[@id='app']/div/div[@class='styledComponents__StyledWrapper-kvYoPE kDzZnd']/div[@class='styledComponents__BodyWrapper-bsyRiV bEyKcQ']/div[@class='ContentWrapper__ContentWrapper-ebmCKp container ieefin']/div[@class='styledComponents__PageWrapper-iZXYYR OQFix']/div[@class='component-wrapper']/div/div/div[@class='styledComponents__PageWrapper-eoWmmr PeIWm']/div[@class='row']/div[@class='col-xs-12 col-md-push-5 col-md-7']/div[@class='styledComponents__IconsWrapper-cyeros gYoWse']/div[@class='row']/div[1]/div[1]/a[1]/button[1]/div[1]&#10;For documentation on this error, please visit: https://www.seleniumhq.org/exceptions/no_such_element.html&#10;Build info: version: '3.141.59', revision: 'e82be7d358', time: '2018-11-14T08:17:03'&#10;System info: host: 'Alders-Mac', ip: '192.168.0.119', os.name: 'Mac OS X', os.arch: 'x86_64', os.version: '10.14.6', java.version: '1.8.0_201'&#10;Driver info: driver.version: RemoteWebDriver&#10;&#9;at org.openqa.selenium.remote.RemoteWebDriver.findElement(RemoteWebDriver.java:327)&#10;&#9;at org.openqa.selenium.remote.RemoteWebDriver.findElementByXPath(RemoteWebDriver.java:428)&#10;&#9;at org.openqa.selenium.By$ByXPath.findElement(By.java:353)&#10;&#9;at org.openqa.selenium.remote.RemoteWebDriver.findElement(RemoteWebDriver.java:315)&#10;&#9;at org.openqa.selenium.support.pagefactory.DefaultElementLocator.findElement(DefaultElementLocator.java:69)&#10;&#9;at org.openqa.selenium.support.pagefactory.internal.LocatingElementHandler.invoke(LocatingElementHandler.java:38)&#10;&#9;at com.sun.proxy.$Proxy17.click(Unknown Source)&#10;&#9;at cTheSigns.ChestPage.clickSystem(ChestPage.java:77)&#10;&#9;at com.CtheSigns.Step_definition.ChestTest.i_select_System_button_on_the_Home_page(ChestTest.java:17)&#10;&#9;at ✽.Given I select System button on the Home page(features/chest.feature:24)&#10;"><![CDATA[Given I select System button on the Home page...............................failed
When I enter an adult age...................................................skipped
And I select the gender male................................................undefined
And I select Wheeze.........................................................undefined
When I click on the Referral Pathway button.................................undefined
Then the Results page should be displayed with patient does not meet the criteria.undefined

StackTrace:
org.openqa.selenium.NoSuchElementException: Cannot locate an element using xpath=//body/div[@id='app']/div/div[@class='styledComponents__StyledWrapper-kvYoPE kDzZnd']/div[@class='styledComponents__BodyWrapper-bsyRiV bEyKcQ']/div[@class='ContentWrapper__ContentWrapper-ebmCKp container ieefin']/div[@class='styledComponents__PageWrapper-iZXYYR OQFix']/div[@class='component-wrapper']/div/div/div[@class='styledComponents__PageWrapper-eoWmmr PeIWm']/div[@class='row']/div[@class='col-xs-12 col-md-push-5 col-md-7']/div[@class='styledComponents__IconsWrapper-cyeros gYoWse']/div[@class='row']/div[1]/div[1]/a[1]/button[1]/div[1]
For documentation on this error, please visit: https://www.seleniumhq.org/exceptions/no_such_element.html
Build info: version: '3.141.59', revision: 'e82be7d358', time: '2018-11-14T08:17:03'
System info: host: 'Alders-Mac', ip: '192.168.0.119', os.name: 'Mac OS X', os.arch: 'x86_64', os.version: '10.14.6', java.version: '1.8.0_201'
Driver info: driver.version: RemoteWebDriver
	at org.openqa.selenium.remote.RemoteWebDriver.findElement(RemoteWebDriver.java:327)
	at org.openqa.selenium.remote.RemoteWebDriver.findElementByXPath(RemoteWebDriver.java:428)
	at org.openqa.selenium.By$ByXPath.findElement(By.java:353)
	at org.openqa.selenium.remote.RemoteWebDriver.findElement(RemoteWebDriver.java:315)
	at org.openqa.selenium.support.pagefactory.DefaultElementLocator.findElement(DefaultElementLocator.java:69)
	at org.openqa.selenium.support.pagefactory.internal.LocatingElementHandler.invoke(LocatingElementHandler.java:38)
	at com.sun.proxy.$Proxy17.click(Unknown Source)
	at cTheSigns.ChestPage.clickSystem(ChestPage.java:77)
	at com.CtheSigns.Step_definition.ChestTest.i_select_System_button_on_the_Home_page(ChestTest.java:17)
	at ✽.Given I select System button on the Home page(features/chest.feature:24)
]]></failure>
</testcase>
<testcase classname="As a user of CtheSigns I want to be able to login to the application and carryout assessments for my patients" name="" time="3.991161">
<system-out><![CDATA[Given I am on CtheSigns Login page..........................................passed
When I enter my email into the Email field..................................passed
And I enter I enter my password into the password field.....................passed
And I click on the Login button.............................................passed
Then I should be signed into the application successfully...................passed
]]></system-out>
</testcase>
</testsuite>
